[    0.000000] nialzing cgroup subsys cpuset
[    0.000000] Initializing cgroup subsys cpu
[    0.000000] Initializing cgroup subsys cpuacct
[    0.000000] Linux version 4.4.0-112-generic (buildd@lgw01-amd64-010) (gcc version 5.4.0 20160609 (Ubuntu 5.4.0-6ubuntu1~16.04.5) ) #135-Ubuntu SMP Fri Jan 19 11:48:36 UTC 2018 (Ubuntu 4.4.0-112.135-generic 4.4.98)
[    0.000000] Command line: BOOT_IMAGE=/boot/vmlinuz-4.4.0-112-generic root=UUID=3f513ff0-5157-487f-95f9-0886b2752eda ro console=tty1 console=ttyS0
[    0.000000] KERNEL supported cpus:
[    0.000000]   Intel GenuineIntel
[    0.000000]   AMD AuthenticAMD
[    0.000000]   Centaur CentaurHauls
[    0.000000] x86/fpu: xstate_offset[2]:  576, xstate_sizes[2]:  256
[    0.000000] x86/fpu: Supporting XSAVE feature 0x01: 'x87 floating point registers'
[    0.000000] x86/fpu: Supporting XSAVE feature 0x02: 'SSE registers'
[    0.000000] x86/fpu: Supporting XSAVE feature 0x04: 'AVX registers'
[    0.000000] x86/fpu: Enabled xstate features 0x7, context size is 832 bytes, using 'standard' format.
[    0.000000] x86/fpu: Using 'lazy' FPU context switches.
[    0.000000] e820: BIOS-provided physical RAM map:
[    0.000000] BIOS-e820: [mem 0x0000000000000000-0x000000000009fbff] usable
[    0.000000] BIOS-e820: [mem 0x000000000009fc00-0x000000000009ffff] reserved
[    0.000000] BIOS-e820: [mem 0x00000000000f0000-0x00000000000fffff] reserved
[    0.000000] BIOS-e820: [mem 0x0000000000100000-0x000000003ffeffff] usable
[    0.000000] BIOS-e820: [mem 0x000000003fff0000-0x000000003fffffff] ACPI data
[    0.000000] BIOS-e820: [mem 0x00000000fec00000-0x00000000fec00fff] reserved
[    0.000000] BIOS-e820: [mem 0x00000000fee00000-0x00000000fee00fff] reserved
[    0.000000] BIOS-e820: [mem 0x00000000fffc0000-0x00000000ffffffff] reserved
[    0.000000] NX (Execute Disable) protection: active
[    0.000000] SMBIOS 2.5 present.
[    0.000000] Hypervisor detected: KVM
[    0.000000] e820: last_pfn = 0x3fff0 max_arch_pfn = 0x400000000
[    0.000000] MTRR: Disabled
[    0.000000] x86/PAT: MTRRs disabled, skipping PAT initialization too.
[    0.000000] CPU MTRRs all blank - virtualized system.
[    0.000000] x86/PAT: Configuration [0-7]: WB  WT  UC- UC  WB  WT  UC- UC  
[    0.000000] found SMP MP-table at [mem 0x0009fff0-0x0009ffff] mapped at [ffff88000009fff0]
[    0.000000] Scanning 1 areas for low memory corruption
[    0.000000] RAMDISK: [mem 0x36230000-0x3710ffff]
[    0.000000] ACPI: Early table checksum verification disabled
[    0.000000] ACPI: RSDP 0x00000000000E0000 000024 (v02 VBOX  )
[    0.000000] ACPI: XSDT 0x000000003FFF0030 00003C (v01 VBOX   VBOXXSDT 00000001 ASL  00000061)
[    0.000000] ACPI: FACP 0x000000003FFF00F0 0000F4 (v04 VBOX   VBOXFACP 00000001 ASL  00000061)
[    0.000000] ACPI: DSDT 0x000000003FFF0470 0021FF (v02 VBOX   VBOXBIOS 00000002 INTL 20170929)
[    0.000000] ACPI: FACS 0x000000003FFF0200 000040
[    0.000000] ACPI: FACS 0x000000003FFF0200 000040
[    0.000000] ACPI: APIC 0x000000003FFF0240 00005C (v02 VBOX   VBOXAPIC 00000001 ASL  00000061)
[    0.000000] ACPI: SSDT 0x000000003FFF02A0 0001CC (v01 VBOX   VBOXCPUT 00000002 INTL 20170929)
[    0.000000] No NUMA configuration found
[    0.000000] Faking a node at [mem 0x0000000000000000-0x000000003ffeffff]
[    0.000000] NODE_DATA(0) allocated [mem 0x3ffeb000-0x3ffeffff]
[    0.000000] kvm-clock: Using msrs 4b564d01 and 4b564d00
[    0.000000] kvm-clock: cpu 0, msr 0:3ffe3001, primary cpu clock
[    0.000000] kvm-clock: using sched offset of 3103563536 cycles
[    0.000000] clocksource: kvm-clock: mask: 0xffffffffffffffff max_cycles: 0x1cd42e4dffb, max_idle_ns: 881590591483 ns
[    0.000000] Zone ranges:
[    0.000000]   DMA      [mem 0x0000000000001000-0x0000000000ffffff]
[    0.000000]   DMA32    [mem 0x0000000001000000-0x000000003ffeffff]
[    0.000000]   Normal   empty
[    0.000000]   Device   empty
[    0.000000] Movable zone start for each node
[    0.000000] Early memory node ranges
[    0.000000]   node   0: [mem 0x0000000000001000-0x000000000009efff]
[   0000] node   0: [mem 0x0000000000100-0x000000003ffeffff]
[    0.0000] Initmem setup nod0 [m 0000000000010-0x00000ffefff][    00000] ACPI: PM-Timer IO Port: 0x4008
[    0.000000] IOAPIC[0]: apic_id 2, version 32, address 0xfec00000, GSI 0-23
[    0.000000] ACPI: INT_SRC_OVR (bus 0 bus_irq 0 global_irq 2 dfl dfl)
[    0.000000] ACPI: INT_SRC_OVR (bus 0 bus_irq 9 global_irq 9 low level)
[    0.000000] Using ACPI (MADT) for SMP configuration information
[    0.000000] smpboot: Allowing 2 CPUs, 0 hotplug CPUs
[    0.000000] PM: Registered nosave memory: [mem 0x00000000-0x00000fff]
[    0.000000] PM: Registered nosave memory: [mem 0x0009f000-0x0009ffff]
[    0.000000] PM: Registered nosave memory: [mem 0x000a0000-0x000effff]
[    0.000000] PM: Registered nosave memory: [mem 0x000f0000-0x000fffff]
[    0.000000] e820: [mem 0x40000000-0xfebfffff] available for PCI devices
[    0.000000] Booting paravirtualized kernel on KVM
[    0.000000] clocksource: refined-jiffies: mask: 0xffffffff max_cycles: 0xffffffff, max_idle_ns: 7645519600211568 ns
[    0.000000] setup_percpu: NR_CPUS:512 nr_cpumask_bits:512 nr_cpu_ids:2 nr_node_ids:1
[    0.000000] PERCPU: Embedded 34 pages/cpu @ffff88003fc00000 s99544 r8192 d31528 u1048576
[    0.000000] PV qspinlock hash table entries: 256 (order: 0, 4096 bytes)
[    0.000000] Built 1 zonelists in Node order, mobility grouping on.  Total pages: 257913
[    0.000000] Policy zone: DMA32
[    0.000000] Kernel command line: BOOT_IMAGE=/boot/vmlinuz-4.4.0-112-generic root=UUID=3f513ff0-5157-487f-95f9-0886b2752eda ro console=tty1 console=ttyS0
[    0.000000] PID hash table entries: 4096 (order: 3, 32768 bytes)
[    0.000000] Memory: 997300K/1048120K available (8499K kernel code, 1309K rwdata, 3988K rodata, 1508K init, 1316K bss, 50820K reserved, 0K cma-reserved)
[    0.000000] SLUB: HWalign=64, Order=0-3, MinObjects=0, CPUs=2, Nodes=1
[    0.000000] Kernel/User page tables isolation: enabled
[    0.000000] Hierarchical RCU implementation.
[    0.000000] 	Build-time adjustment of leaf fanout to 64.
[    0.000000] 	RCU restricting CPUs from NR_CPUS=512 to nr_cpu_ids=2.
[    0.000000] RCU: Adjusting geometry for rcu_fanout_leaf=64, nr_cpu_ids=2
[    0.000000] NR_IRQS:33024 nr_irqs:440 16
[    0.000000] Console: colour VGA+ 80x25
[    0.000000] console [tty1] enabled
[    0.000000] console [ttyS0] enabled
[    0.000000] tsc: Detected 2394.456 MHz processor
[    0.936826] Calibrating delay loop (skipped) preset value.. 4788.91 BogoMIPS (lpj=9577824)
[    0.938228] pid_max: default: 32768 minimum: 301
[    0.938980] ACPI: Core revision 20150930
[    0.940638] ACPI: 2 ACPI AML tables successfully acquired and loaded
[    0.941741] Security Framework initialized
[    0.942432] Yama: becoming mindful.
[    0.943070] AppArmor: AppArmor initialized
[    0.943863] Dentry cache hash table entries: 131072 (order: 8, 1048576 bytes)
[    0.945499] Inode-cache hash table entries: 65536 (order: 7, 524288 bytes)
[    0.946575] Mount-cache hash table entries: 2048 (order: 2, 16384 bytes)
[    0.947549] Mountpoint-cache hash table entries: 2048 (order: 2, 16384 bytes)
[   0.948877] Initializing cgroup subsys io
[    1.004051] Initializing cgroup subsys memory
[    1.004786] Initializing cgroup subsys devices
[    1.005518] Initializing cgroup subsys freezer
[    1.006250] Initializing cgroup subsys net_cls
[    1.006984] Initializing cgroup subsys perf_event
[    1.007741] Initializing cgroup subsys net_prio
[    1.008518] Initializing cgroup subsys hugetlb
[    1.009250] Initializing cgroup subsys pids
[    1.010040] CPU: Physical Processor ID: 0
[    1.010766] CPU: Processor Core ID: 0
[    1.011420] FEATURE SPEC_CTRL Not Present
[    1.013026] mce: CPU supports 0 MCE banks
[    1.013734] Last level iTLB entries: 4KB 1024, 2MB 1024, 4MB 1024
[    1.014643] Last level dTLB entries: 4KB 1024, 2MB 1024, 4MB 1024, 1GB 4
[    1.017491] Freeing SMP alternatives memory: 32K
[    1.025957] ftrace: allocating 32180 entries in 126 pages
[    1.205779] smpboot: APIC(0) Converting physical 0 to logical package 0
[    1.242432] smpboot: Max logical packages: 1
[    1.243531] x2apic enabled
[    1.276058] Switched APIC routing to physical x2apic.
[    1.359697] ..TIMER: vector=0x30 apic1=0 pin1=2 apic2=-1 pin2=-1
[    1.499939] smpboot: CPU0: Intel(R) Core(TM) i7-4500U CPU @ 1.80GHz (family: 0x6, model: 0x45, stepping: 0x1)
[    1.727909] Performance Events: unsupported p6 CPU model 69 no PMU driver, software events only.
[    1.880408] KVM setup paravirtual spinlock
[    1.885185] x86: Booting SMP configuration:
[    1.887581] .... node  #0, CPUs:      #1
[    1.888412] kvm-clock: cpu 1, msr 0:3ffe3041, secondary cpu clock
[    1.899698] mce: CPU supports 0 MCE banks
[    1.906156] x86: Booted up 1 node, 2 CPUs
[    1.911102] smpboot: Total of 2 processors activated (9577.82 BogoMIPS)
[    1.912520] devtmpfs: initialized
[    1.918155] evm: security.selinux
[    1.919892] evm: security.SMACK64
[    1.920566] evm: security.SMACK64EXEC
[    1.921243] evm: security.SMACK64TRANSMUTE
[    1.921971] evm: security.SMACK64MMAP
[    1.922679] evm: security.ima
[    1.974607] evm: security.capability
[    2.050958] clocksource: jiffies: mask: 0xffffffff max_cycles: 0xffffffff, max_idle_ns: 7645041785100000 ns
[    2.136834] futex hash table entries: 512 (order: 3, 32768 bytes)
[    2.144096] pinctrl core: initialized pinctrl subsystem
[    2.167129] RTC time: 19:47:58, date: 02/11/18
[    2.173508] NET: Registered protocol family 16
[    2.184118] cpuidle: using governor ladder
[    2.216185] cpuidle: using governor menu
[    2.255970] PCCT header not found.
[    2.282383] ACPI: bus type PCI registered
[    2.284390] acpiphp: ACPI Hot Plug PCI Controller Driver version: 0.5
[    2.285649] PCI: Using configuration type 1 for base access
[    2.365069] ACPI: Added _OSI(Module Device)
[    2.381374] ACPI: Added _OSI(Processor Device)
[    2.382152] ACPI: Added _OSI(3.0 _SCP Extensions)
[    2.388268] ACPI: Added _OSI(Processor Aggregator Device)
[    2.402737] ACPI: Executed 1 blocks of module-level executable AML code
[    2.414507] ACPI: Interpreter enabled
[    2.416513] ACPI: (supports S0 S5)
[    2.417136] ACPI: Using IOAPIC for interrupt routing
[    2.418070] PCI: Using host bridge windows from ACPI; if necessary, use "pci=nocrs" and report a bug
[    2.440019] ACPI: PCI Root Bridge [PCI0] (domain 0000 [bus 00-ff])
[    2.490805] acpi PNP0A03:00: _OSC: OS supports [ASPM ClockPM Segments MSI]
[    2.497376] acpi PNP0A03:00: _OSC: not requesting OS control; OS requires [ExtendedConfig ASPM ClockPM MSI]
[    2.500253] acpi PNP0A03:00: fail to add MMCONFIG information, can't access extended PCI configuration space under this bridge.
[    2.519112] PCI host bridge to bus 0000:00
[    2.539065] pci_bus 0000:00: root bus resource [io  0x0000-0x0cf7 window]
[    2.540574] pci_bus 0000:00: root bus resource [io  0x0d00-0xffff window]
[    2.542064] pci_bus 0000:00: root bus resource [mem 0x000a0000-0x000bffff window]
[    2.543981] pci_bus 0000:00: root bus resource [mem 0x40000000-0xfdffffff window]
[    2.579392] pci_bus 0000:00: root bus resource [bus 00-ff]
[    2.581720] pci 0000:00:01.1: legacy IDE quirk: reg 0x10: [io  0x01f0-0x01f7]
[    2.591074] pci 0000:00:01.1: legacy IDE quirk: reg 0x14: [io  0x03f6]
[    2.592213] pci 0000:00:01.1: legacy IDE quirk: reg 0x18: [io  0x0170-0x0177]
[    2.593432] pci 0000:00:01.1: legacy IDE quirk: reg 0x1c: [io  0x0376]
[    2.611255] pci 0000:00:07.0: quirk: [io  0x4000-0x403f] claimed by PIIX4 ACPI
[    2.627383] pci 0000:00:07.0: quirk: [io  0x4100-0x410f] claimed by PIIX4 SMB
[    2.645432] ACPI: PCI Interrupt Link [LNKA] (IRQs 5 9 10 *11)
[    2.659116] ACPI: PCI Interrupt Link [LNKB] (IRQs 5 9 *10 11)
[    2.661744] ACPI: PCI Interrupt Link [LNKC] (IRQs 5 *9 10 11)
[    2.672731] ACPI: PCI Interrupt Link [LNKD] (IRQs 5 9 10 *11)
[    2.675866] ACPI: Enabled 2 GPEs in block 00 to 07
[    2.679569] vgaarb: setting as boot device: PCI:0000:00:02.0
[    2.681681] vgaarb: device added: PCI:0000:00:02.0,decodes=io+mem,owns=io+mem,locks=none
[    2.684347] vgaarb: loaded
[    2.690932] vgaarb: bridge control possible 0000:00:02.0
[    2.693370] SCSI subsystem initialized
[    2.700563] ACPI: bus type USB registered
[    2.718438] usbcore: registered new interface driver usbfs
[    2.722918] usbcore: registered new interface driver hub
[    2.725003] usbcore: registered new device driver usb
[    2.727634] PCI: Using ACPI for IRQ routing
[    2.734023] NetLabel: Initializing
[    2.747186] NetLabel:  domain hash size = 128
[    2.766958] NetLabel:  protocols = UNLABELED CIPSOv4
[    2.768120] NetLabel:  unlabeled traffic allowed by default
[    2.777681] amd_nb: Cannot enumerate AMD northbridges
[    2.778921] clocksource: Switched to clocksource kvm-clock
[    2.788863] AppArmor: AppArmor Filesystem Enabled
[   2.859046] pnp: PnP ACPI init
[   9002pn PP PIfod deics

[   3.347729] clocksource: acpi_pm: mask: 0xffffff max_cycles: 0xffffff, max_idle_ns: 2085701024 ns
[   .36698] NET: Registered protocol family 2

[    3.468527] TCP established hash table entries: 8192 (order: 4, 65536 bytes)
[   3.0022TC bd shab etries: 8192 (order: 5, 131072 bytes)
[   .9002]TC: astale cnfur (stblshd 19bid 92
  4.6085UDha tble entries: 512 (order: 2, 16384 bytes)
[    4.887708] UDP-Lite hash table entries: 512 (order: 2, 16384 bytes)
[    4.889124] NET: Registered protocol family 1
[    4.890196] pci 0000:00:00.0: Limiting direct PCI/PCI transfers
[   49716 pi 0000010:Acivtig SAMAanwoaruns[   56482Uncking initramfs...
[    6.176161] Freeing initrd memory: 15232K
[    6.179292] RAPL PMU detected, API unit is 2^-32 Joules, 4 fixed counters 10737418240 ms ovfl timer
[    6.190166] hw unit of domain pp0-core 2^-0 Joules
[    6.192969] hw unit of domain package 2^-0 Joules
[    6.196532] hw unit of domain dram 2^-0 Joules
[    6.219137] hw unit of domain pp1-gpu 2^-0 Joules
[    6.240562] platform rtc_cmos: registered platform RTC device (no PNP device found)
[    6.245701] Scanning for low memory corruption every 60 seconds
[    6.259702] audit: initializing netlink subsys (disabled)
[    6.279418] audit: type=2000 audit(1518378484.632:1): initialized
[    6.319851] Initialise system trusted keyring
[    6.339498] HugeTLB registered 2 MB page size, pre-allocated 0 pages
[    6.380930] zbud: loaded
[    6.419205] VFS: Disk quotas dquot_6.6.0
[    6.427539] VFS: Dquot-cache hash table entries: 512 (order 0, 4096 bytes)
[    6.439786] squashfs: version 4.0 (2009/01/31) Phillip Lougher
[    6.447470] fuse init (API version 7.23)
[    6.598996] Key type big_key registered
[    6.769307] Allocating IMA MOK and blacklist keyrings.
[    6.814749] Key type asymmetric registered
[    6.859175] Asymmetric key parser 'x509' registered
[    6.892576] Block layer SCSI generic (bsg) driver version 0.4 loaded (major 249)
[    6.919833] io scheduler noop registered
[    6.978870] io scheduler deadline registered (default)
[    6.994347] io scheduler cfq registered
[    6.995495] pci_hotplug: PCI Hot Plug PCI Core version: 0.5
[    7.019636] pciehp: PCI Express Hot Plug Controller Driver version: 0.4
[    7.021264] ACPI: AC Adapter [AC] (on-line)
[    7.022389] input: Power Button as /devices/LNXSYSTM:00/LNXPWRBN:00/input/input0
[    7.079707] ACPI: Power Button [PWRF]
[    7.198851] input: Sleep Button as /devices/LNXSYSTM:00/LNXSLPBN:00/input/input1
[    7.219776] ACPI: Sleep Button [SLPF]
[    7.230117] ACPI: Battery Slot [BAT0] (battery present)
[    7.418803] tsc: Refined TSC clocksource calibration: 2394.453 MHz
[    7.418902] GHES: HEST is not enabled!
[    7.459458] Serial: 8250/16550 driver, 32 ports, IRQ sharing enabled
[    7.600428] 00:02: ttyS0 at I/O 0x3f8 (irq = 4, base_baud = 115200) is a 16550A
[    7.630797] Linux agpgart interface v0.103
[    7.651522] loop: module loaded
[    7.652835] scsi host0: ata_piix
[    7.652931] scsi host1: ata_piix
[    7.652979] ata1: PATA max UDMA/33 cmd 0x1f0 ctl 0x3f6 bmdma 0xd000 irq 14
[    7.652980] ata2: PATA max UDMA/33 cmd 0x170 ctl 0x376 bmdma 0xd008 irq 15
[    7.653091] libphy: Fixed MDIO Bus: probed
[    7.653093] tun: Universal TUN/TAP device driver, 1.6
[    7.653093] tun: (C) 1999-2004 Max Krasnyansky <maxk@qualcomm.com>
[    7.653444] PPP generic driver version 2.4.2
[    7.653637] ehci_hcd: USB 2.0 'Enhanced' Host Controller (EHCI) Driver
[    7.653645] ehci-pci: EHCI PCI platform driver
[    7.653689] ehci-platform: EHCI generic platform driver
[    7.653699] ohci_hcd: USB 1.1 'Open' Host Controller (OHCI) Driver
[    7.653703] ohci-pci: OHCI PCI platform driver
[    7.653713] ohci-platform: OHCI generic platform driver
[    7.653721] uhci_hcd: USB Universal Host Controller Interface driver
[    7.653819] i8042: PNP: PS/2 Controller [PNP0303:PS2K,PNP0f03:PS2M] a  0x60,0x64 irq 1,12
[    7.654518] serio: i8042 KBD port at 0x60,0x64 irq 1
[    7.654529] serio: i8042 AUX port at 0x60,0x64 irq 12
[    7.654751] mousedev: PS/2 mouse device common for all mice
[    7.655210] input: AT Translated Set 2 keyboard as /devices/platform/i8042/serio0/input/input2
[    7.655773] rtc_cmos rtc_cmos: rtc core: registered rtc_cmos as rtc0
[    7.655870] rtc_cmos rtc_cmos: alarms up to one day, 114 bytes nvram
[    7.655878] i2c /dev entries driver
[    7.655951] device-mapper: uevent: version 1.0.3
[    7.656292] device-mapper: ioctl: 4.34.0-ioctl (2015-10-28) initialised: dm-devel@redhat.com
[    7.656314] ledtrig-cpu: registered to indicate activity on CPUs
[    7.656681] NET: Registered protocol family 10
[    7.656854] NET: Registered protocol family 17
[    7.656869] Key type dns_resolver registered
[    7.657044] microcode: CPU0 sig=0x40651, pf=0x40, revision=0x0
[    7.660404] microcode: CPU1 sig=0x40651, pf=0x40, revision=0x0
[    7.660515] microcode: Microcode Update Driver: v2.01 <tigran@aivazian.fsnet.co.uk>, Peter Oruba
[    7.660678] registered taskstats version 1
[    7.660694] Loading compiled-in X.509 certificates
[    7.661635] Loaded X.509 cert 'Build time autogenerated kernel key: 4c603087bab8f0a02cb3b4e1fb4c40f507e71ef1'
[    7.661659] zswap: loaded using pool lzo/zbud
[    7.667533] Key type trusted registered
[    7.672595] Key type encrypted registered
[    7.672607] AppArmor: AppArmor sha1 policy hashing enabled
[    7.672612] ima: No TPM chip found, activating TPM-bypass!
[    7.672638] evm: HMAC attrs: 0x1
[    7.672938]   Magic number: 6:54:799
[    7.679084] rtc_cmos rtc_cmos: setting system clock to 2018-02-11 19:48:03 UTC (1518378483)
[    7.679261] BIOS EDD facility v0.16 2004-Jun-25, 0 devices found
[    7.679262] EDD information not available.
[   9.12604] losocets: sk0xffffffffaxycs: 0x2283bf4e6f2, max_idle_ns: 440795216136 ns
[   10.671197] Freeing unused kernel memory: 1508K
[   10.839576] Write protecting the kernel read-only data: 14336k
[   10.924014] Freeing unused kernel memory: 1728K
[   11.131200] Freeing unused kernel memory: 108K
Loading, please wait...
startin[   11.147418] random: systemd-udevd: uninitialized urandom read (16 bytes read, 3 bits of entropy available)
g version 229
[   11.148333] random: udevadm: uninitialized urandom read (16 bytes read, 3 bits of entropy available)
[   11.148364] random: udevadm: uninitialized urandom read (16 bytes read, 3 bits of entropy available)
[   11.162422] random: udevadm: uninitialized urandom read (16 bytes read, 3 bits of entropy available)
[   11.162481] random: udevadm: uninitialized urandom read (16 bytes read, 3 bits of entropy available)
[   11.162692] random: udevadm: uninitialized urandom read (16 bytes read, 3 bits of entropy available)
[   11.162775] random: udevadm: uninitialized urandom read (16 bytes read, 3 bits of entropy available)
[   11.162855] random: udevadm: uninitialized urandom read (16 bytes read, 3 bits of entropy available)
[   11.162939] random: udevadm: uninitialized urandom read (16 bytes read, 3 bits of entropy available)
[   11.163069] random: udevadm: uninitialized urandom read (16 bytes read, 3 bits of entropy available)
[   17.301664] Fusion MPT base driver 3.04.20
[   17.323392] Copyright (c) 1999-2008 LSI Corporation
[   17.344185] e1000: Intel(R) PRO/1000 Network Driver - version 7.3.21-k8-NAPI
[   17.380406] e1000: Copyright (c) 1999-2006 Intel Corporation.
[   17.407871] Fusion MPT SPI Host driver 3.04.20
[   17.459771] AVX2 version of gcm_enc/dec engaged.
[   17.503428] AES CTR mode by8 optimization enabled
[   17.653405] input: ImExPS/2 Generic Explorer Mouse as /devices/platform/i8042/serio1/input/input4
[   17.902889] e1000 0000:00:03.0 eth0: (PCI:33MHz:32-bit) 02:6f:83:38:c1:e5
[   17.935757] e1000 0000:00:03.0 eth0: Intel(R) PRO/1000 Network Connection
[   17.976183] mptbase: ioc0: Initiating bringup
[   17.976280] e1000 0000:00:03.0 enp0s3: renamed from eth0
[   18.239448] ioc0: LSI53C1030 A0: Capabilities={Initiator}
[   18.733917] scsi host2: ioc0: LSI53C1030 A0, FwRev=00000000h, Ports=1, MaxQ=256, IRQ=20
[   19.375659] scsi 2:0:0:0: Direct-Access     VBOX     HARDDISK         1.0  PQ: 0 ANSI: 5
[   19.410059] scsi target2:0:0: Beginning Domain Validation
[   19.599536] scsi target2:0:0: Domain Validation skipping write tests
[   19.743859] scsi target2:0:0: Ending Domain Validation
[   19.819027] scsi target2:0:0: asynchronous
[   19.859593] scsi 2:0:1:0: Direct-Access     VBOX     HARDDISK         1.0  PQ: 0 ANSI: 5
[   19.939749] scsi target2:0:1: Beginning Domain Validation
[   20.331288] scsi target2:0:1: Domain Validation skipping write tests
[   20.411052] scsi target2:0:1: Ending Domain Validation
[   20.414471] floppy0: no floppy controllers found
[   20.419233] scsi target2:0:1: asynchronous
[   20.623311] sd 2:0:0:0: [sda] 20971520 512-byte logical blocks: (10.7 GB/10.0 GiB)
[   20.660212] sd 2:0:0:0: Attached scsi generic sg0 type 0
[   20.668445] sd 2:0:0:0: [sda] Write Protect is off
[   20.668517] sd 2:0:0:0: [sda] Incomplete mode parameter data
[   20.668518] sd 2:0:0:0: [sda] Assuming drive cache: write through
[   20.669537]  sda: sda1
[   20.670172] sd 2:0:0:0: [sda] Attached SCSI disk
[   21.540193] sd 2:0:1:0: [sdb] 20480 512-byte logical blocks: (10.5 MB/10.0 MiB)
[   21.562084] sd 2:0:1:0: Attached scsi generic sg1 type 0
[   21.608672] sd 2:0:1:0: [sdb] Write Protect is off
[   21.849300] sd 2:0:1:0: [sdb] Incomplete mode parameter data
[   21.943550] sd 2:0:1:0: [sdb] Assuming drive cache: write through
[   22.092191] sd 2:0:1:0: [sdb] Attached SCSI disk
Begin: Loading e[   23.524674] md: linear personality registered for level -1
ssential drivers[   23.622757] md: multipath personality registered for level -4
 ... [   23.666623] md: raid0 personality registered for level 0
[   23.792903] md: raid1 personality registered for level 1
[   24.278376] raid6: sse2x1   gen()  9318 MB/s
[   24.663312] raid6: sse2x1   xor()  5686 MB/s
[   25.019850] raid6: sse2x2   gen() 11110 MB/s
[   25.418371] raid6: sse2x2   xor()  7160 MB/s
[   25.718434] raid6: sse2x4   gen() 12159 MB/s
[   26.135726] raid6: sse2x4   xor()  6568 MB/s
[   26.418302] raid6: avx2x1   gen() 18929 MB/s
[   26.978306] raid6: avx2x2   gen() 22420 MB/s
[   27.258404] raid6: avx2x4   gen() 20649 MB/s
[   27.480172] raid6: using algorithm avx2x2 gen() 22420 MB/s
[   27.590636] raid6: using avx2x2 recovery algorithm
[   27.670284] xor: automatically using best checksumming function:
[   27.742961]    avx       : 18263.000 MB/sec
[   27.786308] async_tx: api initialized (async)
[   28.125531] md: raid6 personality registered for level 6
[   28.149311] md: raid5 personality registered for level 5
[   28.398796] md: raid4 personality registered for level 4
[   28.755040] md: raid10 personality registered for level 10
done.
Begin: Running /scripts/init-p[   28.906228] Btrfs loaded
remount ... done.
Begin: Mounting root file system ... Begin: Running /scripts/local-top ... done.
Begin: Runn[   29.148501] EXT4-fs (sda1): INFO: recovery required on readonly filesystem
ing /scripts/local-premount ... Scanning for Btrfs filesystems
done.
Warning: [   29.369030] EXT4-fs (sda1): write access will be enabled during recovery
fsck not present, so skipping root file system
[   29.436820] EXT4-fs (sda1): recovery complete
[   29.748916] EXT4-fs (sda1): mounted filesystem with ordered data mode. Opts: (null)
done.
Begin: Running /scripts/local-bottom ... done.
Begin: Running /scripts/init-bottom ... done.
[   30.206446] systemd[1]: systemd 229 running in system mode. (+PAM +AUDIT +SELINUX +IMA +APPARMOR +SMACK +SYSVINIT +UTMP +LIBCRYPTSETUP +GCRYPT +GNUTLS +ACL +XZ -LZ4 +SECCOMP +BLKID +ELFUTILS +KMOD -IDN)
[   30.621407] systemd[1]: Detected virtualization oracle.
[   30.968745] systemd[1]: Detected architecture x86-64.

Welcome to [1mUbuntu 16.04.2 LTS[0m!

[   31.076397] systemd[1]: Set hostname to <ubuntu-xenial>.
[   31.289931] systemd[1]: Listening on Journal Socket.
[[0;32m  OK  [0m] Listening on Journal Socket.
[   31.699290] systemd[1]: Listening on Syslog Socket.
[[0;32m  OK  [0m] Listening on Syslog Socket.
[   31.886272] systemd[1]: Created slice User and Session Slice.
[[0;32m  OK  [0m] Created slice User and Session Slice.
[   31.902041] systemd[1]: Set up automount Arbitrary Executable File Formats File System Automount Point.
[[0;32m  OK  [0m] Set up automount Arbitrary Executab...ats File System Automount Point.
[   32.079257] systemd[1]: Reached target Swap.
[   32.359030] random: nonblocking pool is initialized
[[0;32m  OK  [0m] Reached target Swap.
[   32.383277] systemd[1]: Listening on /dev/initctl Compatibility Named Pipe.
[[0;32m  OK  [0m] Listening on /dev/initctl Compatibility Named Pipe.
[   32.723738] systemd[1]: Created slice System Slice.
[[0;32m  OK  [0m] Created slice System Slice.
[   32.892246] systemd[1]: Created slice system-serial\x2dgetty.slice.
[[0;32m  OK  [0m] Created slice system-serial\x2dgetty.slice.
[   33.267067] systemd[1]: Mounting Debug File System...
         Mounting Debug File System...
[   33.438070] systemd[1]: Starting Load Kernel Modules...
[   33.520269] Loading iSCSI transport class v2.0-870.
         Starting Load Kernel Modules...
[   33.598485] iscsi: registered transport (tcp)
[   33.931454] systemd[1]: Starting Set console keymap...
         Starting Set console keymap...
[   33.964883] iscsi: registered transport (iser)
[   34.091853] systemd[1]: Listening on Device-mapper event daemon FIFOs.
[[0;32m  OK  [0m] Listening on Device-mapper event daemon FIFOs.
[   34.235477] systemd[1]: Listening on udev Kernel Socket.
[[0;32m  OK  [0m] Listening on udev Kernel Socket.
[   34.563217] systemd[1]: Mounting Huge Pages File System...
         Mounting Huge Pages File System...
[   34.703671] systemd[1]: Starting Create list of required static device nodes for the current kernel...
         Starting Create list of required st... nodes for the current kernel...
[   34.755283] systemd[1]: Reached target Slices.
[[0;32m  OK  [0m] Reached target Slices.
[   34.896819] systemd[1]: Started Forward Password Requests to Wall Directory Watch.
[[0;32m  OK  [0m] Started Forward Password Requests to Wall Directory Watch.
[ 35095270] systemd[1]: Liseng n Journal Audit Socket.
[[0;32m  OK  [0m] Listening on Journal Audit Socket.
[ 35.459256] systemd[1]: Reached target User and Group Name Lookups.
[[0;32m  OK  [0m] Reached target User and Group Name Lookups.
[ 35471]ysmd1]: Listening on LVM2 metadata daeonoct.
[[0;32m  OK  [0m] Listening on LVM2 metadata daemon socket.
[   36.151244] systemd[1]: Starting Monitoring of LVM2 mirrors, snapshots etc. using dmeventd or progress polling...
         Starting Monitoring of LVM2 mirrors... dmeventd or progress polling...
[   36.415493] systemd[1]: Starting Uncomplicated firewall...
         Starting Uncomplicated firewall...
[   36.551478] systemd[1]: Starting Remount Root and Kernel File Systems...
         [   36.684179] EXT4-fs (sda1): re-mounted. Opts: (null)
Starting Remount Root and Kernel File Systems...
[   36.727716] systemd[1]: Starting Nameserver information manager...
         Starting Nameserver information manager...
[  36.855280] systemd[1]: Listenngn M2oll daemon socket.
[[0;32m  OK  [0m] Listening on LVM2 poll daemon socket.
[ 37957]ysemd[1]: Listening on udev Control Socket.
[[0;32m  OK  [0m] Listening on udev Control Socket.
[ 378723] stmd[1]: Reached target Encrypted Volumes.
[[0;32m  OK  [0m] Reached target Encrypted Volumes.
[ 38095559] systemd[1]: Listening on Journal Socket (/dev/log).
[[0;32m  OK  [0m] Listening on Journal Socket (/dev/log).
[   38.215512] systemd[1]: Starting Journal Service...
         Starting Journal Service...
[   38.326069] systemd[1]: Started Trigger resolvconf update for networkd DNS.
[[0;32m  OK  [0m] Started Trigger resolvconf update for networkd DNS.
[   38.407319] systemd[1]: Mounting POSIX Message Queue File System...
         Mounting POSIX Message Queue File System...
[   38.529270] systemd[1]: Mounted Debug File System.
[[0;32m  OK  [0m] Mounted Debug File System.
[   38.555258] systemd[1]: Mounted Huge Pages File System.
[[0;32m  OK  [0m] Mounted Huge Pages File System.
[   38.808779] systemd[1]: Mounted POSIX Message Queue File System.
[[0;32m  OK  [0m] Mounted POSIX Message Queue File System.
[ 38951]ystemd[1]: Started Journal Service.
[[0;32m  OK  [0m] Started Journal Service.
[[0;32m  OK  [0m] Started Load Kernel Modules.
[[0;32m  OK  [0m] Started Set console keymap.
[[0;32m  OK  [0m] Started Create list of required sta...ce nodes for the current kernel.
[[0;32m  OK  [0m] Started Uncomplicated firewall.
[[0;32m  OK  [0m] Started Remount Root and Kernel File Systems.
[[0;32m  OK  [0m] Started Nameserver information manager.
[[0;32m  OK  [0m] Started LVM2 metadata daemon.
         Starting Load/Save Random Seed...
         Starting Initial cloud-init job (pre-networking)...
         Starting udev Coldplug all Devices...
         Starting Create Static Device Nodes in /dev...
         Starting Apply Kernel Variables...
         Mounting FUSE Control File System...
         Starting Flush Journal to Persistent Storage...
[[0;32m  OK  [0m] Mounted FUSE Control File System.
[[0;32m  OK  [0m] Started Monitoring of LVM2 mirrors,...ng dmeventd or progress polling.
[[0;32m  OK  [0m] Started Load/Save Random Seed.
[[0;32m  OK  [0m] Started Create Static Device Nodes in /dev.
[[0;32m  OK  [0m] Started Apply Kernel Variables.
[[0;32m  OK  [0m] Started udev Coldplug all Devices.
[[0;32m  OK  [0m] Started Flush Journal to Persistent Storage.
         Starting udev Kernel Device Manager...
[[0;32m  OK  [0m] Started udev Kernel Device Manager.
[[0;32m  OK  [0m] Reached target Local File Systems (Pre).
[[0;32m  OK  [0m] Reached target Local File Systems.
[   38.479031] cloud-init[466]: Cloud-init v. 0.7.9 running 'init-local' at Sun, 11 Feb 2018 19:48:36 +0000. Up 38.08 seconds.
         Starting Tell Plymouth To Write Out Runtime Data...
         Starting Create Volatile Files and Directories...
         Starting LSB: AppArmor initialization...
         Starting Set console font and keymap...
[[0;32m  OK  [0m] Started Dispatch Password Requests to Console Directory Watch.
[[0;32m  OK  [0m] Started Tell Plymouth To Write Out Runtime Data.
[[0;32m  OK  [0m] Started Create Volatile Files and Directories.
[[0;32m  OK  [0m] Started Initial cloud-init job (pre-networking).
[[0;32m  OK  [0m] Found device /dev/ttyS0.
[[0;32m  OK  [0m] Listening on Load/Save RF Kill Switch Status /dev/rfkill Watch.
[[0;32m  OK  [0m] Reached target Network (Pre).
         Starting Update UTMP about System Boot/Shutdown...
[[0;32m  OK  [0m] Reached target System Time Synchronized.
[[0;32m  OK  [0m] Started LSB: AppArmor initialization.
[[0;32m  OK  [0m] Started Set console font and keymap.
[[0;32m  OK  [0m] Started Update UTMP about System Boot/Shutdown.
[[0;32m  OK  [0m] Created slice system-getty.slice.
         Starting Raise network interfaces...
[[0;32m  OK  [0m] Started ifup for enp0s3.
[[0;32m  OK  [0m] Started Raise network interfaces.
         Starting Initial cloud-init job (metadata service crawler)...
[[0;32m  OK  [0m] Reached target Network.
[   42.319439] cloud-init[976]: Cloud-init v. 0.7.9 running 'init' at Sun, 11 Feb 2018 19:48:40 +0000. Up 41.97 seconds.
[   42.433860] cloud-init[976]: ci-info: +++++++++++++++++++++++++++++++++++++Net device info++++++++++++++++++++++++++++++++++++++
[   42.514057] [[0;32m  OK  [0m] Started Initial cloud-init job (metadata service crawler).
cloud-init[976]: ci-info: +--------+------+----------------------------+---------------+-------+-------------------+
[   42.620455] [cloud-init[0;32m  OK  [0m[976]: ] ci-info: | Device |  Up  |          Address           |      Mask     | Scope |     Hw-Address    |Reached target Cloud-config availability.

[   42.620996] [cloud-init[0;32m  OK  [0m[976]: ] ci-info: +--------+------+----------------------------+---------------+-------+-------------------+Reached target Network is Online.

[   42.768376]          cloud-initStarting iSCSI initiator daemon (iscsid)...[976]: 
ci-info: |   lo   | True |         127.0.0.1          |   255.0.0.0   |   .   |         .         |
[   42.842500] [[0;32m  OK  [0m] Reached target System Initialization.
cloud-init[976]: ci-info: |   lo   | True |          ::1/128           |       .       |  host |         .         |
[   42.931284] [[0;32m  OK  [0m] Started Timer to automatically refresh installed snaps.
[[0;32m  OK  [0m] Listening on UUID daemon activation socket.
cloud-init[976]: ci-info: | enp0s3 | True |         10.0.2.15          | 255.255.255.0 |   .   | 02:6f:83:38:c1:e5 |
[   43.063756] cloud-init[976]: ci-info: | enp0s3 | True | fe80::6f:83ff:fe38:c1e5/64 |       .       |  link | 02:6f:83:38:c1:e5 |
[[0;32m  OK  [0m] Started Daily apt activities.
[   43.064298] [cloud-init[0;32m  OK  [0m[976]: ] ci-info: +--------+------+----------------------------+---------------+-------+-------------------+Listening on ACPID Listen Socket.

[   43.196420] [cloud-init[0;32m  OK  [0m[976]: ] ci-info: +++++++++++++++++++++++++++Route IPv4 info++++++++++++++++++++++++++++Started Daily Cleanup of Temporary Directories.

[[0;32m  OK  [0m] Reached target Timers.
         Starting LXD - unix socket.
[[0;32m  OK  [0m] Listening on D-Bus System Message Bus Socket.
[   43.196922] cloud-init[976]: ci-info: +-------+-------------+----------+---------------+-----------+-------+
[   43.452411]          cloud-initStarting Socket activation for snappy daemon.[976]: 
ci-info: | Route | Destination | Gateway  |    Genmask    | Interface | Flags |
[   43.452914] cloud-init[976]: ci-info: +-------+-------------+----------+---------------+-----------+-------+
[   43.593707] [cloud-init[0;32m  OK  [0m[976]: ] ci-info: |   0   |   0.0.0.0   | 10.0.2.2 |    0.0.0.0    |   enp0s3  |   UG  |Started ACPI Events Check.

[   43.594217] [[0;32m  OK  [0m] Reached target Paths.
cloud-init[976]: ci-info: |   1   |   10.0.2.0  | 0.0.0.0  | 255.255.255.0 |   enp0s3  |   U   |
[   43.744351] [cloud-init[0;32m  OK  [0m[976]: ] ci-info: +-------+-------------+----------+---------------+-----------+-------+Listening on LXD - unix socket.

[[0;32m  OK  [0m] Listening on Socket activation for snappy daemon.
[[0;32m  OK  [0m] Started iSCSI initiator daemon (iscsid).
         Starting Login to default iSCSI targets...
[[0;32m  OK  [0m] Reached target Sockets.
[[0;32m  OK  [0m] Reached target Basic System.
         Starting System Logging Service...
[[0;32m  OK  [0m] Started D-Bus System Message Bus.
[[0;32m  OK  [0m] Started Snappy daemon.
         Starting Auto import assertions from block devices...
         Starting Apply the settings specified in cloud-config...
         Starting /etc/rc.local Compatibility...
[[0;32m  OK  [0m] Started FUSE filesystem for LXC.
[[0;32m  OK  [0m] Started ACPI event daemon.
[[0;32m  OK  [0m] Started High-performance, schema-free document-oriented database.
[[0;32m  OK  [0m] Started Regular background program processing daemon.
         Starting Accounts Service...
         Starting OpenBSD Secure Shell server...
         Starting Login Service...
         Starting LSB: Record successful boot for GRUB...
[   44.837952] cloud-init[1051]: Cloud-init v. 0.7.9 running 'modules:config' at Sun, 11 Feb 2018 19:48:42 +0000. Up 44.60 seconds.
         Starting LSB: MD monitoring daemon...
[[0;32m  OK  [0m] Started Deferred execution scheduler.
         Starting LXD - container startup/shutdown...
[[0;32m  OK  [0m] Started System Logging Service.
[[0;32m  OK  [0m] Started OpenBSD Secure Shell server.
[[0;32m  OK  [0m] Started Auto import assertions from block devices.
[[0;32m  OK  [0m] Started Apply the settings specified in cloud-config.
[[0;32m  OK  [0m] Started /etc/rc.local Compatibility.
[[0;32m  OK  [0m] Started LXD - container startup/shutdown.
[[0;32m  OK  [0m] Started Login to default iSCSI targets.
[[0;32m  OK  [0m] Started LSB: Record successful boot for GRUB.
[[0;32m  OK  [0m] Started LSB: MD monitoring daemon.
         Starting Authenticate and Authorize Users to Run Privileged Tasks...
[[0;32m  OK  [0m] Reached target Remote File Systems (Pre).
[[0;32m  OK  [0m] Reached target Remote File Systems.
         Starting LSB: daemon to balance interrupts for SMP systems...
         Starting LSB: VirtualBox Linux Additions...
         Starting LSB: Set the CPU Frequency Scaling governor to "ondemand"...
         Starting Permit User Sessions...
         Starting LSB: automatic crash report generation...
[[0;32m  OK  [0m] Started Permit User Sessions.
[[0;32m  OK  [0m] Started Login Service.
[[0;32m  OK  [0m] Started Authenticate and Authorize Users to Run Privileged Tasks.
[[0;32m  OK  [0m] Started Accounts Service.
[[0;32m  OK  [0m] Started LSB: Set the CPU Frequency Scaling governor to "ondemand".
[[0;32m  OK  [0m] Started LSB: daemon to balance interrupts for SMP systems.
[[0;32m  OK  [0m] Started LSB: VirtualBox Linux Additions.
[[0;32m  OK  [0m] Started LSB: automatic crash report generation.
[[0;32m  OK  [0m] Created slice User Slice of ubuntu.
         Starting Terminate Plymouth Boot Screen...
         Starting Hold until boot process finishes up...
[[0;32m  OK  [0m] Started Terminate Plymouth Boot Screen.
[[0;32m  OK  [0m] Started Hold until boot process finishes up.
         Starting User Manager for UID 1000...
[[0;32m  OK  [0m] Started Getty on tty1.
[[0;32m  OK  [0m] Started Serial Getty on ttyS0.
[[0;32m  OK  [0m] Reached target Login Prompts.
         Starting Set console scheme...
[[0;32m  OK  [0m] Reached target Multi-User System.
         Starting Execute cloud user/final scripts...
[[0;32m  OK  [0m] Reached target Graphical Interface.
         Starting Update UTMP about System Runlevel Changes...
[[0;32m  OK  [0m] Started User Manager for UID 1000.
[[0;32m  OK  [0m] Started Set console scheme.
[[0;32m  OK  [0m] Started Update UTMP about System Runlevel Changes.
[[0;32m  OK  [0m] Started Session 1 of user ubuntu.
[   47.041751] cloud-init[1232]: Cloud-init v. 0.7.9 running 'modules:final' at Sun, 11 Feb 2018 19:48:45 +0000. Up 46.89 seconds.
[[0;32m  OK  [0m] Started Execute cloud user/final scripts.
[   47.145029] cloud-init[1232]: Cloud-init v. 0.7.9 finished at Sun, 11 Feb 2018 19:48:45 +0000. Datasource DataSourceNoCloud [seed=/dev/sdb][dsmode=net].  Up 47.03 seconds
[[0;32m  OK  [0m] Reached target Cloud-init target.

Ubuntu 16.04.2 LTS ubuntu-xenial ttyS0

ubuntu-xenial login: 